
=== Thu Sep 19 18:55:35 2019

Packages were changed.
Update Mode: mergeDefaultDependencies

The following packages were added:
  com.unity.ext.nunit@1.0.0
  com.unity.test-framework@1.0.16
  com.unity.ide.vscode@1.0.7
  com.unity.ide.visualstudio@1.0.11
  com.unity.ide.rider@1.0.8
  com.unity.ugui@1.0.0
  com.unity.modules.androidjni@1.0.0
The following packages were updated:
  com.unity.collab-proxy from version 1.2.9 to 1.2.16
  com.unity.textmeshpro from version 2.0.0 to 2.0.1
  com.unity.timeline from version 0.0.0-builtin to 1.1.0

=== Fri Jan 31 23:18:45 2020

Packages were changed.
Update Mode: updateDependencies

The following packages were updated:
  com.unity.ide.vscode from version 1.1.3 to 1.1.4
  com.unity.render-pipelines.core from version 6.9.2 to 7.1.8
  com.unity.render-pipelines.lightweight from version 6.9.2 to 7.1.8
  com.unity.test-framework from version 1.0.16 to 1.1.9
  com.unity.timeline from version 1.1.0 to 1.2.10

=== Wed Mar 11 17:27:40 2020

Packages were changed.
Update Mode: updateDependencies

The following packages were updated:
  com.unity.test-framework from version 1.1.9 to 1.1.11

=== Mon Aug 10 20:08:46 2020

Packages were changed.
Update Mode: updateDependencies

The following packages were updated:
  com.unity.cinemachine from version 2.4.0 to 2.5.0
  com.unity.collab-proxy from version 1.2.16 to 1.3.8
  com.unity.ide.visualstudio from version 1.0.11 to 2.0.2
  com.unity.ide.vscode from version 1.1.4 to 1.2.1
  com.unity.render-pipelines.core from version 7.1.8 to 8.2.0
  com.unity.render-pipelines.lightweight from version 7.1.8 to 8.2.0
  com.unity.test-framework from version 1.1.11 to 1.1.14
  com.unity.textmeshpro from version 2.0.1 to 3.0.1
